c:\users\neon1\documents\mildredengine\x64\release\vc143.pdb
c:\users\neon1\documents\mildredengine\x64\release\player.obj
c:\users\neon1\documents\mildredengine\x64\release\mildred.obj
c:\users\neon1\documents\mildredengine\x64\release\mapline.obj
c:\users\neon1\documents\mildredengine\x64\release\main.obj
c:\users\neon1\documents\mildredengine\x64\release\calc.obj
c:\users\neon1\documents\mildredengine\x64\release\assetmanager.obj
c:\users\neon1\documents\mildredengine\x64\release\asset.obj
c:\users\neon1\documents\mildredengine\x64\release\mapboundary.obj
c:\users\neon1\documents\mildredengine\x64\release\gui.obj
c:\users\neon1\documents\mildredengine\x64\release\controls.obj
c:\users\neon1\documents\mildredengine\x64\release\mildredengine.exe
c:\users\neon1\documents\mildredengine\x64\release\mildredengine.pdb
c:\users\aleksander\documents\github\mildredengine\x64\release\mildredengine.ipdb
c:\users\aleksander\documents\github\mildredengine\x64\release\mildredengine.iobj
c:\users\neon1\documents\mildredengine\x64\release\mildredengine.ipdb
c:\users\neon1\documents\mildredengine\x64\release\mildredengine.iobj
c:\users\neon1\documents\mildredengine\x64\release\mildredengine.tlog\cl.command.1.tlog
c:\users\neon1\documents\mildredengine\x64\release\mildredengine.tlog\cl.read.1.tlog
c:\users\neon1\documents\mildredengine\x64\release\mildredengine.tlog\cl.write.1.tlog
c:\users\neon1\documents\mildredengine\x64\release\mildredengine.tlog\link.command.1.tlog
c:\users\neon1\documents\mildredengine\x64\release\mildredengine.tlog\link.read.1.tlog
c:\users\neon1\documents\mildredengine\x64\release\mildredengine.tlog\link.write.1.tlog
c:\users\neon1\documents\mildredengine\x64\release\mildredengine.tlog\mildredengine.write.1u.tlog
