c:\users\neon1\documents\mildredengine\x64\debug\vc143.pdb
c:\users\neon1\documents\mildredengine\x64\debug\vc143.idb
c:\users\neon1\documents\mildredengine\x64\debug\player.obj
c:\users\neon1\documents\mildredengine\x64\debug\mapboundary.obj
c:\users\neon1\documents\mildredengine\x64\debug\main.obj
c:\users\neon1\documents\mildredengine\x64\debug\gui.obj
c:\users\neon1\documents\mildredengine\x64\debug\controls.obj
c:\users\neon1\documents\mildredengine\x64\debug\calc.obj
c:\users\neon1\documents\mildredengine\x64\debug\assetmanager.obj
c:\users\neon1\documents\mildredengine\x64\debug\asset.obj
c:\users\neon1\documents\mildredengine\x64\debug\mildred.obj
c:\users\neon1\documents\mildredengine\x64\debug\mildredengine.exe
c:\users\neon1\documents\mildredengine\x64\debug\mildredengine.ilk
c:\users\neon1\documents\mildredengine\x64\debug\mildredengine.pdb
c:\users\neon1\documents\mildredengine\x64\debug\gui.new.obj.enc
c:\users\neon1\documents\mildredengine\x64\debug\mildredengine.tlog\cl.command.1.tlog
c:\users\neon1\documents\mildredengine\x64\debug\mildredengine.tlog\cl.read.1.tlog
c:\users\neon1\documents\mildredengine\x64\debug\mildredengine.tlog\cl.write.1.tlog
c:\users\neon1\documents\mildredengine\x64\debug\mildredengine.tlog\link.command.1.tlog
c:\users\neon1\documents\mildredengine\x64\debug\mildredengine.tlog\link.read.1.tlog
c:\users\neon1\documents\mildredengine\x64\debug\mildredengine.tlog\link.write.1.tlog
