  AssetManager.cpp
  Elements.cpp
  GUI.cpp
C:\Users\neon1\Documents\MildredEngine\GUI.cpp(342,18): warning C4018: '>=': signed/unsigned mismatch
  Main.cpp
  Mildred.cpp
C:\Users\neon1\Documents\MildredEngine\Mildred.cpp(124,44): warning C4244: 'initializing': conversion from 'double' to 'int', possible loss of data
C:\Users\neon1\Documents\MildredEngine\Mildred.cpp(136,12): warning C4244: '=': conversion from 'int' to 'float', possible loss of data
C:\Users\neon1\Documents\MildredEngine\Mildred.cpp(137,12): warning C4244: '=': conversion from 'double' to 'float', possible loss of data
C:\Users\neon1\Documents\MildredEngine\Mildred.cpp(139,12): warning C4244: '=': conversion from 'double' to 'float', possible loss of data
C:\Users\neon1\Documents\MildredEngine\Mildred.cpp(151,19): warning C4244: 'initializing': conversion from 'double' to 'int', possible loss of data
C:\Users\neon1\Documents\MildredEngine\Mildred.cpp(153,40): warning C4244: 'argument': conversion from 'double' to 'int', possible loss of data
C:\Users\neon1\Documents\MildredEngine\Mildred.cpp(153,16): warning C4244: 'argument': conversion from 'double' to 'int', possible loss of data
C:\Users\neon1\Documents\MildredEngine\Mildred.cpp(170,50): warning C4244: 'argument': conversion from 'double' to 'int', possible loss of data
C:\Users\neon1\Documents\MildredEngine\Mildred.cpp(183,88): warning C4244: 'argument': conversion from 'double' to 'int', possible loss of data
C:\Users\neon1\Documents\MildredEngine\Mildred.cpp(183,77): warning C4244: 'argument': conversion from 'double' to 'int', possible loss of data
C:\Users\neon1\Documents\MildredEngine\Mildred.cpp(183,61): warning C4244: 'argument': conversion from 'double' to 'int', possible loss of data
C:\Users\neon1\Documents\MildredEngine\Mildred.cpp(183,39): warning C4244: 'argument': conversion from 'double' to 'int', possible loss of data
C:\Users\neon1\Documents\MildredEngine\Mildred.cpp(192,22): warning C4244: 'argument': conversion from 'double' to 'int', possible loss of data
  Player.cpp
C:\Users\neon1\Documents\MildredEngine\Player.cpp(12,39): warning C4244: 'argument': conversion from 'double' to 'int', possible loss of data
C:\Users\neon1\Documents\MildredEngine\Player.cpp(45,12): warning C4244: 'initializing': conversion from 'double' to 'int', possible loss of data
C:\Users\neon1\Documents\MildredEngine\Player.cpp(46,12): warning C4244: 'initializing': conversion from 'double' to 'int', possible loss of data
C:\Users\neon1\Documents\MildredEngine\Player.cpp(47,72): warning C4244: 'argument': conversion from 'double' to 'int', possible loss of data
C:\Users\neon1\Documents\MildredEngine\Player.cpp(47,52): warning C4244: 'argument': conversion from 'double' to 'int', possible loss of data
C:\Users\neon1\Documents\MildredEngine\Player.cpp(61,68): warning C4244: 'argument': conversion from 'double' to 'int', possible loss of data
C:\Users\neon1\Documents\MildredEngine\Player.cpp(61,51): warning C4244: 'argument': conversion from 'double' to 'int', possible loss of data
C:\Users\neon1\Documents\MildredEngine\Player.cpp(61,39): warning C4244: 'argument': conversion from 'double' to 'int', possible loss of data
C:\Users\neon1\Documents\MildredEngine\Player.cpp(61,27): warning C4244: 'argument': conversion from 'double' to 'int', possible loss of data
  Generating Code...
  MildredEngine.vcxproj -> C:\Users\neon1\Documents\MildredEngine\x64\Debug\MildredEngine.exe
